<?xml version="1.0" encoding="UTF-8"?>
<!-- Generated by org.testng.reporters.JUnitReportReporter -->
<testsuite skipped="0" hostname="Ezizs-MacBook-Pro.local" name="com.prestashop.tests.Positive" tests="1" failures="0" timestamp="17 Feb 2019 20:35:44 GMT" time="13.056" errors="0">
  <testcase name="Positive" time="13.056" classname="com.prestashop.tests.Positive"/>
</testsuite> <!-- com.prestashop.tests.Positive -->
